2024-09-03T12:41:40.358Z - Total records to be processed: 40
2024-09-03T12:41:40.406Z - Error fetching CPC value: connection.execute is not a function
2024-09-03T12:41:40.423Z - Database Insertion Error: connection.execute is not a function
2024-09-03T12:41:40.424Z - Error fetching CPC value: connection.execute is not a function
2024-09-03T12:41:40.426Z - Database Insertion Error: connection.execute is not a function
2024-09-03T12:41:40.427Z - Error fetching CPC value: connection.execute is not a function
2024-09-03T12:41:40.428Z - Database Insertion Error: connection.execute is not a function
2024-09-03T12:41:40.430Z - Error fetching CPC value: connection.execute is not a function
2024-09-03T12:41:40.431Z - Database Insertion Error: connection.execute is not a function
2024-09-03T12:41:40.432Z - Error fetching CPC value: connection.execute is not a function
2024-09-03T12:41:40.433Z - Database Insertion Error: connection.execute is not a function
2024-09-03T12:41:40.434Z - Error fetching CPC value: connection.execute is not a function
2024-09-03T12:41:40.437Z - Database Insertion Error: connection.execute is not a function
2024-09-03T12:41:40.438Z - Error fetching CPC value: connection.execute is not a function
2024-09-03T12:41:40.439Z - Database Insertion Error: connection.execute is not a function
2024-09-03T12:41:40.441Z - Error fetching CPC value: connection.execute is not a function
2024-09-03T12:41:40.442Z - Database Insertion Error: connection.execute is not a function
2024-09-03T12:41:40.443Z - Error fetching CPC value: connection.execute is not a function
2024-09-03T12:41:40.444Z - Database Insertion Error: connection.execute is not a function
2024-09-03T12:41:40.446Z - Error fetching CPC value: connection.execute is not a function
2024-09-03T12:41:40.448Z - Database Insertion Error: connection.execute is not a function
2024-09-03T12:41:40.448Z - Error fetching CPC value: connection.execute is not a function
2024-09-03T12:41:40.449Z - Database Insertion Error: connection.execute is not a function
2024-09-03T12:41:40.450Z - Error fetching CPC value: connection.execute is not a function
2024-09-03T12:41:40.451Z - Database Insertion Error: connection.execute is not a function
2024-09-03T12:41:40.452Z - Error fetching CPC value: connection.execute is not a function
2024-09-03T12:41:40.453Z - Database Insertion Error: connection.execute is not a function
2024-09-03T12:41:40.454Z - Error fetching CPC value: connection.execute is not a function
2024-09-03T12:41:40.455Z - Database Insertion Error: connection.execute is not a function
2024-09-03T12:41:40.455Z - Error fetching CPC value: connection.execute is not a function
2024-09-03T12:41:40.456Z - Database Insertion Error: connection.execute is not a function
2024-09-03T12:41:40.457Z - Error fetching CPC value: connection.execute is not a function
2024-09-03T12:41:40.458Z - Database Insertion Error: connection.execute is not a function
2024-09-03T12:41:40.459Z - Error fetching CPC value: connection.execute is not a function
2024-09-03T12:41:40.460Z - Database Insertion Error: connection.execute is not a function
2024-09-03T12:41:40.463Z - Error fetching CPC value: connection.execute is not a function
2024-09-03T12:41:40.465Z - Database Insertion Error: connection.execute is not a function
2024-09-03T12:41:40.466Z - Error fetching CPC value: connection.execute is not a function
2024-09-03T12:41:40.470Z - Database Insertion Error: connection.execute is not a function
2024-09-03T12:41:40.471Z - Error fetching CPC value: connection.execute is not a function
2024-09-03T12:41:40.472Z - Database Insertion Error: connection.execute is not a function
2024-09-03T12:41:40.473Z - Error fetching CPC value: connection.execute is not a function
2024-09-03T12:41:40.473Z - Database Insertion Error: connection.execute is not a function
2024-09-03T12:41:40.474Z - Error fetching CPC value: connection.execute is not a function
2024-09-03T12:41:40.475Z - Database Insertion Error: connection.execute is not a function
2024-09-03T12:41:40.476Z - Error fetching CPC value: connection.execute is not a function
2024-09-03T12:41:40.476Z - Database Insertion Error: connection.execute is not a function
2024-09-03T12:41:40.478Z - Error fetching CPC value: connection.execute is not a function
2024-09-03T12:41:40.478Z - Database Insertion Error: connection.execute is not a function
2024-09-03T12:41:40.479Z - Error fetching CPC value: connection.execute is not a function
2024-09-03T12:41:40.480Z - Database Insertion Error: connection.execute is not a function
2024-09-03T12:41:40.481Z - Error fetching CPC value: connection.execute is not a function
2024-09-03T12:41:40.481Z - Database Insertion Error: connection.execute is not a function
2024-09-03T12:41:40.482Z - Error fetching CPC value: connection.execute is not a function
2024-09-03T12:41:40.483Z - Database Insertion Error: connection.execute is not a function
2024-09-03T12:41:40.484Z - Error fetching CPC value: connection.execute is not a function
2024-09-03T12:41:40.484Z - Database Insertion Error: connection.execute is not a function
2024-09-03T12:41:40.485Z - Error fetching CPC value: connection.execute is not a function
2024-09-03T12:41:40.486Z - Database Insertion Error: connection.execute is not a function
2024-09-03T12:41:40.487Z - Error fetching CPC value: connection.execute is not a function
2024-09-03T12:41:40.488Z - Database Insertion Error: connection.execute is not a function
2024-09-03T12:41:40.488Z - Error fetching CPC value: connection.execute is not a function
2024-09-03T12:41:40.489Z - Database Insertion Error: connection.execute is not a function
2024-09-03T12:41:40.490Z - Error fetching CPC value: connection.execute is not a function
2024-09-03T12:41:40.491Z - Database Insertion Error: connection.execute is not a function
2024-09-03T12:41:40.491Z - Error fetching CPC value: connection.execute is not a function
2024-09-03T12:41:40.492Z - Database Insertion Error: connection.execute is not a function
2024-09-03T12:41:40.493Z - Error fetching CPC value: connection.execute is not a function
2024-09-03T12:41:40.494Z - Database Insertion Error: connection.execute is not a function
2024-09-03T12:41:40.495Z - Error fetching CPC value: connection.execute is not a function
2024-09-03T12:41:40.496Z - Database Insertion Error: connection.execute is not a function
2024-09-03T12:41:40.497Z - Error fetching CPC value: connection.execute is not a function
2024-09-03T12:41:40.497Z - Database Insertion Error: connection.execute is not a function
2024-09-03T12:41:40.498Z - Error fetching CPC value: connection.execute is not a function
2024-09-03T12:41:40.499Z - Database Insertion Error: connection.execute is not a function
2024-09-03T12:41:40.500Z - Error fetching CPC value: connection.execute is not a function
2024-09-03T12:41:40.501Z - Database Insertion Error: connection.execute is not a function
2024-09-03T12:41:40.502Z - Error fetching CPC value: connection.execute is not a function
2024-09-03T12:41:40.502Z - Database Insertion Error: connection.execute is not a function
2024-09-03T12:41:40.503Z - Error fetching CPC value: connection.execute is not a function
2024-09-03T12:41:40.504Z - Database Insertion Error: connection.execute is not a function
2024-09-03T12:41:40.510Z - Total successful inserts: 0
2024-09-03T12:41:40.511Z - Discrepancy found: 40 records were not processed.
2024-09-03T12:44:51.959Z - Total records to be processed: 0
2024-09-03T12:44:51.984Z - Total successful inserts: 0
2024-09-03T12:44:51.984Z - All records processed successfully.
2024-09-03T12:45:01.117Z - Total records to be processed: 0
2024-09-03T12:45:01.142Z - Total successful inserts: 0
2024-09-03T12:45:01.143Z - All records processed successfully.
2024-09-03T12:45:07.038Z - Total records to be processed: 0
2024-09-03T12:45:07.067Z - Total successful inserts: 0
2024-09-03T12:45:07.068Z - All records processed successfully.
