Running feed status updates Mon Sep 23 18:12:10 EDT 2024
Running applcleanevents.js Mon Sep 23 18:12:10 EDT 2024
Running applcleanevents.js script...
Inserted 0 rows into appleventsdel
Deleted 0 rows from applevents
Script completed successfully.
Running applcleaneventstime.js Mon Sep 23 18:12:13 EDT 2024
Running applcleaneventstime.js script...
Running applbudgetcheck.js Mon Sep 23 18:12:49 EDT 2024
Running applbudgetcheck.js script...
Monthly status changed to 'capped' for feed ID 58c76b2734
Feed ID 58c76b2734: Monthly total is 8670.15, budget is 1500.00
No valid daily budget set for feed ID 58c76b2734; daily status check skipped.
Feed ID 08c9a03e40 is stopped. No budget checks performed.
Feed ID 43e57c82ad is stopped. No budget checks performed.
Monthly status changed to 'active' for feed ID 686053849f
Feed ID 686053849f: Monthly total is 0, budget is 1000000.00
No valid daily budget set for feed ID 686053849f; daily status check skipped.
Monthly status changed to 'active' for feed ID 0e23aba7c5
Feed ID 0e23aba7c5: Monthly total is 0, budget is 5000.00
No valid daily budget set for feed ID 0e23aba7c5; daily status check skipped.
Monthly status changed to 'active' for feed ID 18c9c6cfa8
Feed ID 18c9c6cfa8: Monthly total is 0, budget is 1000000.00
No valid daily budget set for feed ID 18c9c6cfa8; daily status check skipped.
Monthly status changed to 'active' for feed ID a9be7e1afb
Feed ID a9be7e1afb: Monthly total is 0, budget is 3000.00
No valid daily budget set for feed ID a9be7e1afb; daily status check skipped.
Monthly status changed to 'active' for feed ID 2055f8d72f
Feed ID 2055f8d72f: Monthly total is 0, budget is 100.00
No valid daily budget set for feed ID 2055f8d72f; daily status check skipped.
Monthly status changed to 'active' for feed ID 39d553d693
Feed ID 39d553d693: Monthly total is 0, budget is 645.00
No valid daily budget set for feed ID 39d553d693; daily status check skipped.
Monthly status changed to 'active' for feed ID 9df4b5be33
Feed ID 9df4b5be33: Monthly total is 0, budget is 500.00
No valid daily budget set for feed ID 9df4b5be33; daily status check skipped.
Monthly status changed to 'active' for feed ID ba6a51d120
Feed ID ba6a51d120: Monthly total is 0, budget is 640.00
No valid daily budget set for feed ID ba6a51d120; daily status check skipped.
Monthly status changed to 'active' for feed ID c7d265c2c3
Feed ID c7d265c2c3: Monthly total is 0, budget is 10000000.00
No valid daily budget set for feed ID c7d265c2c3; daily status check skipped.
Monthly status changed to 'active' for feed ID 619eccd29c
Feed ID 619eccd29c: Monthly total is 0, budget is 10000000.00
No valid daily budget set for feed ID 619eccd29c; daily status check skipped.
Feed ID 99ce55719a is stopped. No budget checks performed.
Monthly status changed to 'active' for feed ID 15ac11f8a3
Feed ID 15ac11f8a3: Monthly total is 0, budget is 1000000.00
No valid daily budget set for feed ID 15ac11f8a3; daily status check skipped.
Feed ID 5795a73732 is stopped. No budget checks performed.
Monthly status changed to 'active' for feed ID 27e9c951d9
Feed ID 27e9c951d9: Monthly total is 0, budget is 12000.00
No valid daily budget set for feed ID 27e9c951d9; daily status check skipped.
Monthly status changed to 'active' for feed ID fba594918b
Feed ID fba594918b: Monthly total is 0, budget is 1000000.00
No valid daily budget set for feed ID fba594918b; daily status check skipped.
Feed ID 2edf866dd6 is stopped. No budget checks performed.
Feed ID 69b6723dad is stopped. No budget checks performed.
Feed ID 7112e9e412 is stopped. No budget checks performed.
Monthly status changed to 'active' for feed ID 17c3180bfa
Feed ID 17c3180bfa: Monthly total is 0, budget is 1500.00
No valid daily budget set for feed ID 17c3180bfa; daily status check skipped.
Monthly status changed to 'active' for feed ID c70db6cc14
Feed ID c70db6cc14: Monthly total is 0, budget is 10000000.00
No valid daily budget set for feed ID c70db6cc14; daily status check skipped.
Monthly status changed to 'active' for feed ID f6f13ffef1
Feed ID f6f13ffef1: Monthly total is 0, budget is 10000000.00
No valid daily budget set for feed ID f6f13ffef1; daily status check skipped.
Monthly status changed to 'active' for feed ID ca6a1d7997
Feed ID ca6a1d7997: Monthly total is 0, budget is 1000000.00
No valid daily budget set for feed ID ca6a1d7997; daily status check skipped.
Feed ID b1a0971369 is stopped. No budget checks performed.
Monthly status changed to 'active' for feed ID bc672aa15e
Feed ID bc672aa15e: Monthly total is 0, budget is 5000.00
No valid daily budget set for feed ID bc672aa15e; daily status check skipped.
Monthly status changed to 'active' for feed ID 1b5cbb4d15
Feed ID 1b5cbb4d15: Monthly total is 0, budget is 1000000.00
No valid daily budget set for feed ID 1b5cbb4d15; daily status check skipped.
Monthly status changed to 'active' for feed ID ae946b9a29
Feed ID ae946b9a29: Monthly total is 0, budget is 10000000.00
No valid daily budget set for feed ID ae946b9a29; daily status check skipped.
Monthly status changed to 'active' for feed ID 19597c6a20
Feed ID 19597c6a20: Monthly total is 0, budget is 6000.00
No valid daily budget set for feed ID 19597c6a20; daily status check skipped.
Monthly status changed to 'active' for feed ID 66b89700ff
Feed ID 66b89700ff: Monthly total is 0, budget is 6000.00
No valid daily budget set for feed ID 66b89700ff; daily status check skipped.
Monthly status changed to 'active' for feed ID b2601076a2
Feed ID b2601076a2: Monthly total is 0, budget is 40000.00
No valid daily budget set for feed ID b2601076a2; daily status check skipped.
Monthly status changed to 'active' for feed ID 7e3725668d
Feed ID 7e3725668d: Monthly total is 0, budget is 1000000.00
No valid daily budget set for feed ID 7e3725668d; daily status check skipped.
Feed ID aaa7c0e9ef is stopped. No budget checks performed.
Monthly status changed to 'active' for feed ID f621fb966f
Feed ID f621fb966f: Monthly total is 0, budget is 12000.00
No valid daily budget set for feed ID f621fb966f; daily status check skipped.
Monthly status changed to 'capped' for feed ID 2f2097196f
Feed ID 2f2097196f: Monthly total is 37825.25, budget is 1500.00
No valid daily budget set for feed ID 2f2097196f; daily status check skipped.
Feed statuses updated successfully.
Database connection closed.
